0 info it worked if it ends with ok
1 verbose cli [ 'E:\\Node\\node.exe',
1 verbose cli   'E:\\Node\\node_modules\\npm\\bin\\npm-cli.js',
1 verbose cli   'install' ]
2 info using npm@2.14.7
3 info using node@v4.2.2
4 verbose readDependencies loading dependencies from E:\handLib\handLib\package.json
5 error install Couldn't read dependencies
6 verbose stack Error: ENOENT: no such file or directory, open 'E:\handLib\handLib\package.json'
6 verbose stack     at Error (native)
7 verbose cwd E:\handLib\handLib
8 error Windows_NT 6.1.7601
9 error argv "E:\\Node\\node.exe" "E:\\Node\\node_modules\\npm\\bin\\npm-cli.js" "install"
10 error node v4.2.2
11 error npm  v2.14.7
12 error path E:\handLib\handLib\package.json
13 error code ENOPACKAGEJSON
14 error errno -4058
15 error syscall open
16 error package.json ENOENT: no such file or directory, open 'E:\handLib\handLib\package.json'
16 error package.json This is most likely not a problem with npm itself.
16 error package.json npm can't find a package.json file in your current directory.
17 verbose exit [ -4058, true ]
